Guru99Bank - Username entered
Guru99Bank - password entered
Guru99Bank - Clicked on Login submit
Guru99Bank - ---------------test passed------------------
Guru99Bank - Username entered
Guru99Bank - passowrd entered
Guru99Bank - login submit clicked
Guru99Bank - Customer name entered
Guru99Bank - gender radio buttonn clicked
Guru99Bank - DOB entered
Guru99Bank - Address entered
Guru99Bank - City entered
Guru99Bank - State entered
Guru99Bank - PIN NO entered
Guru99Bank - TEL NO entered
Guru99Bank - Email entered
Guru99Bank - Customer password entered
Guru99Bank - customer account created submit clicked
Guru99Bank - -------------------test passed-----------------
Guru99Bank - Username entered
Guru99Bank - password entered
Guru99Bank - Clicked on Login submit
Guru99Bank - ---------------test passed------------------
Guru99Bank - Username entered
Guru99Bank - passowrd entered
Guru99Bank - login submit clicked
Guru99Bank - Customer name entered
Guru99Bank - gender radio buttonn clicked
Guru99Bank - DOB entered
Guru99Bank - Address entered
Guru99Bank - City entered
Guru99Bank - State entered
Guru99Bank - PIN NO entered
Guru99Bank - TEL NO entered
Guru99Bank - Email entered
Guru99Bank - Customer password entered
Guru99Bank - customer account created submit clicked
Guru99Bank - -------------------test passed-----------------
